2023-04-18 19:48:36 INFO  Log:15 - ****************************
2023-04-18 19:48:36 INFO  Log:16 - ****************************
2023-04-18 19:48:36 INFO  Log:17 - ********This is the beginning of my Test case*********
2023-04-18 19:48:36 INFO  Log:27 - My test case is executing right now
2023-04-18 19:48:36 INFO  Log:31 - My test case might have some trivial issues
2023-04-18 19:48:48 INFO  Log:27 - This test case is about to get completed
2023-04-18 19:48:48 INFO  Log:21 - ############################
2023-04-18 19:48:48 INFO  Log:22 - ############################
2023-04-18 19:48:48 INFO  Log:23 - ##########This test case is finished#########
2023-04-18 22:01:54 INFO  Log:15 - ****************************
2023-04-18 22:01:54 INFO  Log:16 - ****************************
2023-04-18 22:01:54 INFO  Log:17 - ********This is the beginning of my Test case*********
2023-04-18 22:01:54 INFO  Log:27 - My test case is executing right now
2023-04-18 22:01:54 INFO  Log:31 - My test case might have some trivial issues
2023-04-18 22:02:00 INFO  Log:27 - This test case is about to get completed
2023-04-18 22:02:00 INFO  Log:21 - ############################
2023-04-18 22:02:00 INFO  Log:22 - ############################
2023-04-18 22:02:00 INFO  Log:23 - ##########This test case is finished#########
2023-05-13 11:26:11 INFO  Log:15 - ****************************
2023-05-13 11:26:11 INFO  Log:16 - ****************************
2023-05-13 11:26:11 INFO  Log:17 - ********This is the beginning of my Test case*********
2023-05-13 11:26:11 INFO  Log:27 - My test case is executing right now
2023-05-13 11:26:11 INFO  Log:31 - My test case might have some trivial issues
2023-05-13 11:26:18 INFO  Log:27 - This test case is about to get completed
2023-05-13 11:26:18 INFO  Log:21 - ############################
2023-05-13 11:26:18 INFO  Log:22 - ############################
2023-05-13 11:26:18 INFO  Log:23 - ##########This test case is finished#########
2023-05-13 11:32:37 INFO  Log:15 - ****************************
2023-05-13 11:32:37 INFO  Log:16 - ****************************
2023-05-13 11:32:37 INFO  Log:17 - ********This is the beginning of my Test case*********
2023-05-13 11:32:37 INFO  Log:27 - My test case is executing right now
2023-05-13 11:32:37 INFO  Log:31 - My test case might have some trivial issues
2023-05-13 11:33:06 INFO  Log:27 - This test case is about to get completed
2023-05-13 11:33:06 INFO  Log:21 - ############################
2023-05-13 11:33:06 INFO  Log:22 - ############################
2023-05-13 11:33:06 INFO  Log:23 - ##########This test case is finished#########
2023-05-13 11:39:06 INFO  Log:15 - ****************************
2023-05-13 11:39:06 INFO  Log:16 - ****************************
2023-05-13 11:39:06 INFO  Log:17 - ********This is the beginning of my Test case*********
2023-05-13 11:39:06 INFO  Log:27 - My test case is executing right now
2023-05-13 11:39:06 INFO  Log:31 - My test case might have some trivial issues
2023-05-13 11:39:13 INFO  Log:27 - This test case is about to get completed
2023-05-13 11:39:13 INFO  Log:21 - ############################
2023-05-13 11:39:13 INFO  Log:22 - ############################
2023-05-13 11:39:13 INFO  Log:23 - ##########This test case is finished#########
2023-05-13 11:43:03 INFO  Log:15 - ****************************
2023-05-13 11:43:03 INFO  Log:16 - ****************************
2023-05-13 11:43:03 INFO  Log:17 - ********This is the beginning of my Test case*********
2023-05-13 11:43:03 INFO  Log:27 - My test case is executing right now
2023-05-13 11:43:03 INFO  Log:31 - My test case might have some trivial issues
2023-05-13 11:43:11 INFO  Log:27 - This test case is about to get completed
2023-05-13 11:43:11 INFO  Log:21 - ############################
2023-05-13 11:43:11 INFO  Log:22 - ############################
2023-05-13 11:43:11 INFO  Log:23 - ##########This test case is finished#########
2023-05-13 11:44:02 INFO  Log:15 - ****************************
2023-05-13 11:44:02 INFO  Log:16 - ****************************
2023-05-13 11:44:02 INFO  Log:17 - ********This is the beginning of my Test case*********
2023-05-13 11:44:02 INFO  Log:27 - My test case is executing right now
2023-05-13 11:44:02 INFO  Log:31 - My test case might have some trivial issues
2023-05-13 11:44:10 INFO  Log:27 - This test case is about to get completed
2023-05-13 11:44:10 INFO  Log:21 - ############################
2023-05-13 11:44:10 INFO  Log:22 - ############################
2023-05-13 11:44:10 INFO  Log:23 - ##########This test case is finished#########
